2024-04-29T14:29:16.758+03:00  INFO 51626 --- [Atomikos:1] c.a.d.xa.XATransactionalResource         : xa_image: refreshed XAResource
2024-04-29T14:29:16.787+03:00  INFO 51626 --- [Atomikos:1] c.a.d.xa.XATransactionalResource         : xa_role: refreshed XAResource
2024-04-29T14:29:16.825+03:00  INFO 51626 --- [Atomikos:1] c.a.d.xa.XATransactionalResource         : xa_statistics: refreshed XAResource
2024-04-29T14:29:16.841+03:00  INFO 51626 --- [Atomikos:1] c.a.d.xa.XATransactionalResource         : xa_user: refreshed XAResource
2024-04-29T14:29:22.270+03:00  INFO 51626 --- [task-2] com.example.blps.service.LogService      : Logs successfully cleaned!
2024-04-29T14:29:22.276+03:00  INFO 51626 --- [org.springframework.kafka.KafkaListenerEndpointContainer#1-0-C-1] com.example.blps.kafka.Listener          : Receiving via Kafka on partition-1: Hello Kafka on partition-1!
2024-04-29T14:29:22.278+03:00  INFO 51626 --- [org.springframework.kafka.KafkaListenerEndpointContainer#0-0-C-1] com.example.blps.kafka.Listener          : Receiving via Kafka on partition-0: Hello Kafka on partition-0!
2024-04-29T14:29:32.269+03:00  INFO 51626 --- [task-3] com.example.blps.service.LogService      : Logs successfully cleaned!
2024-04-29T14:29:32.274+03:00  INFO 51626 --- [org.springframework.kafka.KafkaListenerEndpointContainer#0-0-C-1] com.example.blps.kafka.Listener          : Receiving via Kafka on partition-0: Hello Kafka on partition-0!
2024-04-29T14:29:32.274+03:00  INFO 51626 --- [org.springframework.kafka.KafkaListenerEndpointContainer#1-0-C-1] com.example.blps.kafka.Listener          : Receiving via Kafka on partition-1: Hello Kafka on partition-1!
2024-04-29T14:29:42.270+03:00  INFO 51626 --- [task-4] com.example.blps.service.LogService      : Logs successfully cleaned!
2024-04-29T14:29:42.275+03:00  INFO 51626 --- [org.springframework.kafka.KafkaListenerEndpointContainer#1-0-C-1] com.example.blps.kafka.Listener          : Receiving via Kafka on partition-1: Hello Kafka on partition-1!
2024-04-29T14:29:42.276+03:00  INFO 51626 --- [org.springframework.kafka.KafkaListenerEndpointContainer#0-0-C-1] com.example.blps.kafka.Listener          : Receiving via Kafka on partition-0: Hello Kafka on partition-0!
2024-04-29T14:29:46.706+03:00  INFO 51626 --- [org.springframework.kafka.KafkaListenerEndpointContainer#1-0-C-1] o.a.k.c.c.internals.ConsumerCoordinator  : [Consumer clientId=consumer-group-0-2, groupId=group-0] Resetting generation and member id due to: consumer pro-actively leaving the group
2024-04-29T14:29:46.706+03:00  INFO 51626 --- [org.springframework.kafka.KafkaListenerEndpointContainer#0-0-C-1] o.a.k.c.c.internals.ConsumerCoordinator  : [Consumer clientId=consumer-group-0-1, groupId=group-0] Resetting generation and member id due to: consumer pro-actively leaving the group
2024-04-29T14:29:46.707+03:00  INFO 51626 --- [org.springframework.kafka.KafkaListenerEndpointContainer#1-0-C-1] o.a.k.c.c.internals.ConsumerCoordinator  : [Consumer clientId=consumer-group-0-2, groupId=group-0] Request joining group due to: consumer pro-actively leaving the group
2024-04-29T14:29:46.707+03:00  INFO 51626 --- [org.springframework.kafka.KafkaListenerEndpointContainer#1-0-C-1] fkaConsumerFactory$ExtendedKafkaConsumer : [Consumer clientId=consumer-group-0-2, groupId=group-0] Unsubscribed all topics or patterns and assigned partitions
2024-04-29T14:29:46.707+03:00  INFO 51626 --- [org.springframework.kafka.KafkaListenerEndpointContainer#0-0-C-1] o.a.k.c.c.internals.ConsumerCoordinator  : [Consumer clientId=consumer-group-0-1, groupId=group-0] Request joining group due to: consumer pro-actively leaving the group
2024-04-29T14:29:46.708+03:00  INFO 51626 --- [org.springframework.kafka.KafkaListenerEndpointContainer#0-0-C-1] fkaConsumerFactory$ExtendedKafkaConsumer : [Consumer clientId=consumer-group-0-1, groupId=group-0] Unsubscribed all topics or patterns and assigned partitions
2024-04-29T14:29:46.709+03:00  INFO 51626 --- [org.springframework.kafka.KafkaListenerEndpointContainer#1-0-C-1] o.a.k.c.c.internals.ConsumerCoordinator  : [Consumer clientId=consumer-group-0-2, groupId=group-0] Resetting generation and member id due to: consumer pro-actively leaving the group
2024-04-29T14:29:46.709+03:00  INFO 51626 --- [org.springframework.kafka.KafkaListenerEndpointContainer#0-0-C-1] o.a.k.c.c.internals.ConsumerCoordinator  : [Consumer clientId=consumer-group-0-1, groupId=group-0] Resetting generation and member id due to: consumer pro-actively leaving the group
2024-04-29T14:29:46.709+03:00  INFO 51626 --- [org.springframework.kafka.KafkaListenerEndpointContainer#1-0-C-1] o.a.k.c.c.internals.ConsumerCoordinator  : [Consumer clientId=consumer-group-0-2, groupId=group-0] Request joining group due to: consumer pro-actively leaving the group
2024-04-29T14:29:46.710+03:00  INFO 51626 --- [org.springframework.kafka.KafkaListenerEndpointContainer#0-0-C-1] o.a.k.c.c.internals.ConsumerCoordinator  : [Consumer clientId=consumer-group-0-1, groupId=group-0] Request joining group due to: consumer pro-actively leaving the group
2024-04-29T14:29:46.813+03:00  INFO 51626 --- [org.springframework.kafka.KafkaListenerEndpointContainer#0-0-C-1] o.apache.kafka.common.metrics.Metrics    : Metrics scheduler closed
2024-04-29T14:29:46.813+03:00  INFO 51626 --- [org.springframework.kafka.KafkaListenerEndpointContainer#1-0-C-1] o.apache.kafka.common.metrics.Metrics    : Metrics scheduler closed
2024-04-29T14:29:46.814+03:00  INFO 51626 --- [org.springframework.kafka.KafkaListenerEndpointContainer#0-0-C-1] o.apache.kafka.common.metrics.Metrics    : Closing reporter org.apache.kafka.common.metrics.JmxReporter
2024-04-29T14:29:46.814+03:00  INFO 51626 --- [org.springframework.kafka.KafkaListenerEndpointContainer#1-0-C-1] o.apache.kafka.common.metrics.Metrics    : Closing reporter org.apache.kafka.common.metrics.JmxReporter
2024-04-29T14:29:46.814+03:00  INFO 51626 --- [org.springframework.kafka.KafkaListenerEndpointContainer#0-0-C-1] o.apache.kafka.common.metrics.Metrics    : Metrics reporters closed
2024-04-29T14:29:46.814+03:00  INFO 51626 --- [org.springframework.kafka.KafkaListenerEndpointContainer#1-0-C-1] o.apache.kafka.common.metrics.Metrics    : Metrics reporters closed
2024-04-29T14:29:46.818+03:00  INFO 51626 --- [org.springframework.kafka.KafkaListenerEndpointContainer#1-0-C-1] o.a.kafka.common.utils.AppInfoParser     : App info kafka.consumer for consumer-group-0-2 unregistered
2024-04-29T14:29:46.819+03:00  INFO 51626 --- [org.springframework.kafka.KafkaListenerEndpointContainer#0-0-C-1] o.a.kafka.common.utils.AppInfoParser     : App info kafka.consumer for consumer-group-0-1 unregistered
2024-04-29T14:29:46.819+03:00  INFO 51626 --- [org.springframework.kafka.KafkaListenerEndpointContainer#0-0-C-1] o.s.k.l.KafkaMessageListenerContainer    : group-0: Consumer stopped
2024-04-29T14:29:46.819+03:00  INFO 51626 --- [org.springframework.kafka.KafkaListenerEndpointContainer#1-0-C-1] o.s.k.l.KafkaMessageListenerContainer    : group-0: Consumer stopped
2024-04-29T14:29:46.826+03:00  INFO 51626 --- [SpringApplicationShutdownHook] o.a.k.clients.producer.KafkaProducer     : [Producer clientId=producer-1] Closing the Kafka producer with timeoutMillis = 30000 ms.
2024-04-29T14:29:46.829+03:00  INFO 51626 --- [SpringApplicationShutdownHook] o.apache.kafka.common.metrics.Metrics    : Metrics scheduler closed
2024-04-29T14:29:46.829+03:00  INFO 51626 --- [SpringApplicationShutdownHook] o.apache.kafka.common.metrics.Metrics    : Closing reporter org.apache.kafka.common.metrics.JmxReporter
2024-04-29T14:29:46.830+03:00  INFO 51626 --- [SpringApplicationShutdownHook] o.apache.kafka.common.metrics.Metrics    : Metrics reporters closed
2024-04-29T14:29:46.830+03:00  INFO 51626 --- [SpringApplicationShutdownHook] o.a.kafka.common.utils.AppInfoParser     : App info kafka.producer for producer-1 unregistered
2024-04-29T14:29:46.836+03:00  INFO 51626 --- [SpringApplicationShutdownHook] j.LocalContainerEntityManagerFactoryBean : Closing JPA EntityManagerFactory for persistence unit 'postgres'
2024-04-29T14:29:46.882+03:00  INFO 51626 --- [SpringApplicationShutdownHook] c.a.datasource.pool.ConnectionPool       : atomikos connection pool 'xa_user': destroying pool...
2024-04-29T14:29:46.886+03:00  INFO 51626 --- [SpringApplicationShutdownHook] j.LocalContainerEntityManagerFactoryBean : Closing JPA EntityManagerFactory for persistence unit 'postgres'
2024-04-29T14:29:46.890+03:00  WARN 51626 --- [SpringApplicationShutdownHook] o.h.engine.jdbc.spi.SqlExceptionHelper   : SQL Warning Code: 0, SQLState: 00000
2024-04-29T14:29:46.890+03:00  WARN 51626 --- [SpringApplicationShutdownHook] o.h.engine.jdbc.spi.SqlExceptionHelper   : relation "albums" does not exist, skipping
2024-04-29T14:29:46.891+03:00  WARN 51626 --- [SpringApplicationShutdownHook] o.h.engine.jdbc.spi.SqlExceptionHelper   : SQL Warning Code: 0, SQLState: 00000
2024-04-29T14:29:46.892+03:00  WARN 51626 --- [SpringApplicationShutdownHook] o.h.engine.jdbc.spi.SqlExceptionHelper   : relation "comments" does not exist, skipping
2024-04-29T14:29:46.892+03:00  WARN 51626 --- [SpringApplicationShutdownHook] o.h.engine.jdbc.spi.SqlExceptionHelper   : SQL Warning Code: 0, SQLState: 00000
2024-04-29T14:29:46.893+03:00  WARN 51626 --- [SpringApplicationShutdownHook] o.h.engine.jdbc.spi.SqlExceptionHelper   : relation "comments" does not exist, skipping
2024-04-29T14:29:46.893+03:00  WARN 51626 --- [SpringApplicationShutdownHook] o.h.engine.jdbc.spi.SqlExceptionHelper   : SQL Warning Code: 0, SQLState: 00000
2024-04-29T14:29:46.894+03:00  WARN 51626 --- [SpringApplicationShutdownHook] o.h.engine.jdbc.spi.SqlExceptionHelper   : relation "complaints" does not exist, skipping
2024-04-29T14:29:46.895+03:00  WARN 51626 --- [SpringApplicationShutdownHook] o.h.engine.jdbc.spi.SqlExceptionHelper   : SQL Warning Code: 0, SQLState: 00000
2024-04-29T14:29:46.895+03:00  WARN 51626 --- [SpringApplicationShutdownHook] o.h.engine.jdbc.spi.SqlExceptionHelper   : relation "complaints" does not exist, skipping
2024-04-29T14:29:46.896+03:00  WARN 51626 --- [SpringApplicationShutdownHook] o.h.engine.jdbc.spi.SqlExceptionHelper   : SQL Warning Code: 0, SQLState: 00000
2024-04-29T14:29:46.896+03:00  WARN 51626 --- [SpringApplicationShutdownHook] o.h.engine.jdbc.spi.SqlExceptionHelper   : relation "images" does not exist, skipping
2024-04-29T14:29:46.896+03:00  WARN 51626 --- [SpringApplicationShutdownHook] o.h.engine.jdbc.spi.SqlExceptionHelper   : SQL Warning Code: 0, SQLState: 00000
2024-04-29T14:29:46.897+03:00  WARN 51626 --- [SpringApplicationShutdownHook] o.h.engine.jdbc.spi.SqlExceptionHelper   : relation "users_roles" does not exist, skipping
2024-04-29T14:29:46.897+03:00  WARN 51626 --- [SpringApplicationShutdownHook] o.h.engine.jdbc.spi.SqlExceptionHelper   : SQL Warning Code: 0, SQLState: 00000
2024-04-29T14:29:46.898+03:00  WARN 51626 --- [SpringApplicationShutdownHook] o.h.engine.jdbc.spi.SqlExceptionHelper   : table "albums" does not exist, skipping
2024-04-29T14:29:46.899+03:00  WARN 51626 --- [SpringApplicationShutdownHook] o.h.engine.jdbc.spi.SqlExceptionHelper   : SQL Warning Code: 0, SQLState: 00000
2024-04-29T14:29:46.899+03:00  WARN 51626 --- [SpringApplicationShutdownHook] o.h.engine.jdbc.spi.SqlExceptionHelper   : table "comments" does not exist, skipping
2024-04-29T14:29:46.899+03:00  WARN 51626 --- [SpringApplicationShutdownHook] o.h.engine.jdbc.spi.SqlExceptionHelper   : SQL Warning Code: 0, SQLState: 00000
2024-04-29T14:29:46.900+03:00  WARN 51626 --- [SpringApplicationShutdownHook] o.h.engine.jdbc.spi.SqlExceptionHelper   : table "complaints" does not exist, skipping
2024-04-29T14:29:46.900+03:00  WARN 51626 --- [SpringApplicationShutdownHook] o.h.engine.jdbc.spi.SqlExceptionHelper   : SQL Warning Code: 0, SQLState: 00000
2024-04-29T14:29:46.901+03:00  WARN 51626 --- [SpringApplicationShutdownHook] o.h.engine.jdbc.spi.SqlExceptionHelper   : table "images" does not exist, skipping
2024-04-29T14:29:46.901+03:00  WARN 51626 --- [SpringApplicationShutdownHook] o.h.engine.jdbc.spi.SqlExceptionHelper   : SQL Warning Code: 0, SQLState: 00000
2024-04-29T14:29:46.902+03:00  WARN 51626 --- [SpringApplicationShutdownHook] o.h.engine.jdbc.spi.SqlExceptionHelper   : table "roles" does not exist, skipping
2024-04-29T14:29:46.902+03:00  WARN 51626 --- [SpringApplicationShutdownHook] o.h.engine.jdbc.spi.SqlExceptionHelper   : SQL Warning Code: 0, SQLState: 00000
2024-04-29T14:29:46.903+03:00  WARN 51626 --- [SpringApplicationShutdownHook] o.h.engine.jdbc.spi.SqlExceptionHelper   : table "statistics" does not exist, skipping
2024-04-29T14:29:46.904+03:00  WARN 51626 --- [SpringApplicationShutdownHook] o.h.engine.jdbc.spi.SqlExceptionHelper   : SQL Warning Code: 0, SQLState: 00000
2024-04-29T14:29:46.904+03:00  WARN 51626 --- [SpringApplicationShutdownHook] o.h.engine.jdbc.spi.SqlExceptionHelper   : table "users" does not exist, skipping
2024-04-29T14:29:46.905+03:00  WARN 51626 --- [SpringApplicationShutdownHook] o.h.engine.jdbc.spi.SqlExceptionHelper   : SQL Warning Code: 0, SQLState: 00000
2024-04-29T14:29:46.905+03:00  WARN 51626 --- [SpringApplicationShutdownHook] o.h.engine.jdbc.spi.SqlExceptionHelper   : table "users_roles" does not exist, skipping
2024-04-29T14:29:46.906+03:00  WARN 51626 --- [SpringApplicationShutdownHook] o.h.engine.jdbc.spi.SqlExceptionHelper   : SQL Warning Code: 0, SQLState: 00000
2024-04-29T14:29:46.906+03:00  WARN 51626 --- [SpringApplicationShutdownHook] o.h.engine.jdbc.spi.SqlExceptionHelper   : sequence "albums_seq" does not exist, skipping
2024-04-29T14:29:46.907+03:00  WARN 51626 --- [SpringApplicationShutdownHook] o.h.engine.jdbc.spi.SqlExceptionHelper   : SQL Warning Code: 0, SQLState: 00000
2024-04-29T14:29:46.907+03:00  WARN 51626 --- [SpringApplicationShutdownHook] o.h.engine.jdbc.spi.SqlExceptionHelper   : sequence "comments_seq" does not exist, skipping
2024-04-29T14:29:46.908+03:00  WARN 51626 --- [SpringApplicationShutdownHook] o.h.engine.jdbc.spi.SqlExceptionHelper   : SQL Warning Code: 0, SQLState: 00000
2024-04-29T14:29:46.908+03:00  WARN 51626 --- [SpringApplicationShutdownHook] o.h.engine.jdbc.spi.SqlExceptionHelper   : sequence "complaints_seq" does not exist, skipping
2024-04-29T14:29:46.909+03:00  WARN 51626 --- [SpringApplicationShutdownHook] o.h.engine.jdbc.spi.SqlExceptionHelper   : SQL Warning Code: 0, SQLState: 00000
2024-04-29T14:29:46.909+03:00  WARN 51626 --- [SpringApplicationShutdownHook] o.h.engine.jdbc.spi.SqlExceptionHelper   : sequence "images_seq" does not exist, skipping
2024-04-29T14:29:46.910+03:00  WARN 51626 --- [SpringApplicationShutdownHook] o.h.engine.jdbc.spi.SqlExceptionHelper   : SQL Warning Code: 0, SQLState: 00000
2024-04-29T14:29:46.911+03:00  WARN 51626 --- [SpringApplicationShutdownHook] o.h.engine.jdbc.spi.SqlExceptionHelper   : sequence "roles_seq" does not exist, skipping
2024-04-29T14:29:46.912+03:00  WARN 51626 --- [SpringApplicationShutdownHook] o.h.engine.jdbc.spi.SqlExceptionHelper   : SQL Warning Code: 0, SQLState: 00000
2024-04-29T14:29:46.912+03:00  WARN 51626 --- [SpringApplicationShutdownHook] o.h.engine.jdbc.spi.SqlExceptionHelper   : sequence "statistics_seq" does not exist, skipping
2024-04-29T14:29:46.913+03:00  INFO 51626 --- [SpringApplicationShutdownHook] c.a.datasource.pool.ConnectionPool       : atomikos connection pool 'xa_statistics': destroying pool...
2024-04-29T14:29:46.915+03:00  INFO 51626 --- [SpringApplicationShutdownHook] j.LocalContainerEntityManagerFactoryBean : Closing JPA EntityManagerFactory for persistence unit 'postgres'
2024-04-29T14:29:46.917+03:00  WARN 51626 --- [SpringApplicationShutdownHook] o.h.engine.jdbc.spi.SqlExceptionHelper   : SQL Warning Code: 0, SQLState: 00000
2024-04-29T14:29:46.918+03:00  WARN 51626 --- [SpringApplicationShutdownHook] o.h.engine.jdbc.spi.SqlExceptionHelper   : relation "albums" does not exist, skipping
2024-04-29T14:29:46.918+03:00  WARN 51626 --- [SpringApplicationShutdownHook] o.h.engine.jdbc.spi.SqlExceptionHelper   : SQL Warning Code: 0, SQLState: 00000
2024-04-29T14:29:46.919+03:00  WARN 51626 --- [SpringApplicationShutdownHook] o.h.engine.jdbc.spi.SqlExceptionHelper   : relation "comments" does not exist, skipping
2024-04-29T14:29:46.919+03:00  WARN 51626 --- [SpringApplicationShutdownHook] o.h.engine.jdbc.spi.SqlExceptionHelper   : SQL Warning Code: 0, SQLState: 00000
2024-04-29T14:29:46.920+03:00  WARN 51626 --- [SpringApplicationShutdownHook] o.h.engine.jdbc.spi.SqlExceptionHelper   : relation "comments" does not exist, skipping
2024-04-29T14:29:46.920+03:00  WARN 51626 --- [SpringApplicationShutdownHook] o.h.engine.jdbc.spi.SqlExceptionHelper   : SQL Warning Code: 0, SQLState: 00000
2024-04-29T14:29:46.920+03:00  WARN 51626 --- [SpringApplicationShutdownHook] o.h.engine.jdbc.spi.SqlExceptionHelper   : relation "complaints" does not exist, skipping
2024-04-29T14:29:46.921+03:00  WARN 51626 --- [SpringApplicationShutdownHook] o.h.engine.jdbc.spi.SqlExceptionHelper   : SQL Warning Code: 0, SQLState: 00000
2024-04-29T14:29:46.921+03:00  WARN 51626 --- [SpringApplicationShutdownHook] o.h.engine.jdbc.spi.SqlExceptionHelper   : relation "complaints" does not exist, skipping
2024-04-29T14:29:46.922+03:00  WARN 51626 --- [SpringApplicationShutdownHook] o.h.engine.jdbc.spi.SqlExceptionHelper   : SQL Warning Code: 0, SQLState: 00000
2024-04-29T14:29:46.922+03:00  WARN 51626 --- [SpringApplicationShutdownHook] o.h.engine.jdbc.spi.SqlExceptionHelper   : relation "images" does not exist, skipping
2024-04-29T14:29:46.923+03:00  WARN 51626 --- [SpringApplicationShutdownHook] o.h.engine.jdbc.spi.SqlExceptionHelper   : SQL Warning Code: 0, SQLState: 00000
2024-04-29T14:29:46.923+03:00  WARN 51626 --- [SpringApplicationShutdownHook] o.h.engine.jdbc.spi.SqlExceptionHelper   : relation "users_roles" does not exist, skipping
2024-04-29T14:29:46.923+03:00  WARN 51626 --- [SpringApplicationShutdownHook] o.h.engine.jdbc.spi.SqlExceptionHelper   : SQL Warning Code: 0, SQLState: 00000
2024-04-29T14:29:46.924+03:00  WARN 51626 --- [SpringApplicationShutdownHook] o.h.engine.jdbc.spi.SqlExceptionHelper   : table "albums" does not exist, skipping
2024-04-29T14:29:46.924+03:00  WARN 51626 --- [SpringApplicationShutdownHook] o.h.engine.jdbc.spi.SqlExceptionHelper   : SQL Warning Code: 0, SQLState: 00000
2024-04-29T14:29:46.924+03:00  WARN 51626 --- [SpringApplicationShutdownHook] o.h.engine.jdbc.spi.SqlExceptionHelper   : table "comments" does not exist, skipping
2024-04-29T14:29:46.925+03:00  WARN 51626 --- [SpringApplicationShutdownHook] o.h.engine.jdbc.spi.SqlExceptionHelper   : SQL Warning Code: 0, SQLState: 00000
2024-04-29T14:29:46.925+03:00  WARN 51626 --- [SpringApplicationShutdownHook] o.h.engine.jdbc.spi.SqlExceptionHelper   : table "complaints" does not exist, skipping
2024-04-29T14:29:46.926+03:00  WARN 51626 --- [SpringApplicationShutdownHook] o.h.engine.jdbc.spi.SqlExceptionHelper   : SQL Warning Code: 0, SQLState: 00000
2024-04-29T14:29:46.926+03:00  WARN 51626 --- [SpringApplicationShutdownHook] o.h.engine.jdbc.spi.SqlExceptionHelper   : table "images" does not exist, skipping
2024-04-29T14:29:46.927+03:00  WARN 51626 --- [SpringApplicationShutdownHook] o.h.engine.jdbc.spi.SqlExceptionHelper   : SQL Warning Code: 0, SQLState: 00000
2024-04-29T14:29:46.927+03:00  WARN 51626 --- [SpringApplicationShutdownHook] o.h.engine.jdbc.spi.SqlExceptionHelper   : table "roles" does not exist, skipping
2024-04-29T14:29:46.927+03:00  WARN 51626 --- [SpringApplicationShutdownHook] o.h.engine.jdbc.spi.SqlExceptionHelper   : SQL Warning Code: 0, SQLState: 00000
2024-04-29T14:29:46.928+03:00  WARN 51626 --- [SpringApplicationShutdownHook] o.h.engine.jdbc.spi.SqlExceptionHelper   : table "statistics" does not exist, skipping
2024-04-29T14:29:46.928+03:00  WARN 51626 --- [SpringApplicationShutdownHook] o.h.engine.jdbc.spi.SqlExceptionHelper   : SQL Warning Code: 0, SQLState: 00000
2024-04-29T14:29:46.928+03:00  WARN 51626 --- [SpringApplicationShutdownHook] o.h.engine.jdbc.spi.SqlExceptionHelper   : table "users" does not exist, skipping
2024-04-29T14:29:46.929+03:00  WARN 51626 --- [SpringApplicationShutdownHook] o.h.engine.jdbc.spi.SqlExceptionHelper   : SQL Warning Code: 0, SQLState: 00000
2024-04-29T14:29:46.929+03:00  WARN 51626 --- [SpringApplicationShutdownHook] o.h.engine.jdbc.spi.SqlExceptionHelper   : table "users_roles" does not exist, skipping
2024-04-29T14:29:46.930+03:00  WARN 51626 --- [SpringApplicationShutdownHook] o.h.engine.jdbc.spi.SqlExceptionHelper   : SQL Warning Code: 0, SQLState: 00000
2024-04-29T14:29:46.930+03:00  WARN 51626 --- [SpringApplicationShutdownHook] o.h.engine.jdbc.spi.SqlExceptionHelper   : sequence "albums_seq" does not exist, skipping
2024-04-29T14:29:46.931+03:00  WARN 51626 --- [SpringApplicationShutdownHook] o.h.engine.jdbc.spi.SqlExceptionHelper   : SQL Warning Code: 0, SQLState: 00000
2024-04-29T14:29:46.931+03:00  WARN 51626 --- [SpringApplicationShutdownHook] o.h.engine.jdbc.spi.SqlExceptionHelper   : sequence "comments_seq" does not exist, skipping
2024-04-29T14:29:46.931+03:00  WARN 51626 --- [SpringApplicationShutdownHook] o.h.engine.jdbc.spi.SqlExceptionHelper   : SQL Warning Code: 0, SQLState: 00000
2024-04-29T14:29:46.931+03:00  WARN 51626 --- [SpringApplicationShutdownHook] o.h.engine.jdbc.spi.SqlExceptionHelper   : sequence "complaints_seq" does not exist, skipping
2024-04-29T14:29:46.932+03:00  WARN 51626 --- [SpringApplicationShutdownHook] o.h.engine.jdbc.spi.SqlExceptionHelper   : SQL Warning Code: 0, SQLState: 00000
2024-04-29T14:29:46.932+03:00  WARN 51626 --- [SpringApplicationShutdownHook] o.h.engine.jdbc.spi.SqlExceptionHelper   : sequence "images_seq" does not exist, skipping
2024-04-29T14:29:46.933+03:00  WARN 51626 --- [SpringApplicationShutdownHook] o.h.engine.jdbc.spi.SqlExceptionHelper   : SQL Warning Code: 0, SQLState: 00000
2024-04-29T14:29:46.933+03:00  WARN 51626 --- [SpringApplicationShutdownHook] o.h.engine.jdbc.spi.SqlExceptionHelper   : sequence "roles_seq" does not exist, skipping
2024-04-29T14:29:46.934+03:00  WARN 51626 --- [SpringApplicationShutdownHook] o.h.engine.jdbc.spi.SqlExceptionHelper   : SQL Warning Code: 0, SQLState: 00000
2024-04-29T14:29:46.934+03:00  WARN 51626 --- [SpringApplicationShutdownHook] o.h.engine.jdbc.spi.SqlExceptionHelper   : sequence "statistics_seq" does not exist, skipping
2024-04-29T14:29:46.935+03:00  INFO 51626 --- [SpringApplicationShutdownHook] c.a.datasource.pool.ConnectionPool       : atomikos connection pool 'xa_role': destroying pool...
2024-04-29T14:29:46.936+03:00  INFO 51626 --- [SpringApplicationShutdownHook] j.LocalContainerEntityManagerFactoryBean : Closing JPA EntityManagerFactory for persistence unit 'postgres'
2024-04-29T14:29:46.938+03:00  WARN 51626 --- [SpringApplicationShutdownHook] o.h.engine.jdbc.spi.SqlExceptionHelper   : SQL Warning Code: 0, SQLState: 00000
2024-04-29T14:29:46.939+03:00  WARN 51626 --- [SpringApplicationShutdownHook] o.h.engine.jdbc.spi.SqlExceptionHelper   : relation "albums" does not exist, skipping
2024-04-29T14:29:46.939+03:00  WARN 51626 --- [SpringApplicationShutdownHook] o.h.engine.jdbc.spi.SqlExceptionHelper   : SQL Warning Code: 0, SQLState: 00000
2024-04-29T14:29:46.939+03:00  WARN 51626 --- [SpringApplicationShutdownHook] o.h.engine.jdbc.spi.SqlExceptionHelper   : relation "comments" does not exist, skipping
2024-04-29T14:29:46.940+03:00  WARN 51626 --- [SpringApplicationShutdownHook] o.h.engine.jdbc.spi.SqlExceptionHelper   : SQL Warning Code: 0, SQLState: 00000
2024-04-29T14:29:46.940+03:00  WARN 51626 --- [SpringApplicationShutdownHook] o.h.engine.jdbc.spi.SqlExceptionHelper   : relation "comments" does not exist, skipping
2024-04-29T14:29:46.941+03:00  WARN 51626 --- [SpringApplicationShutdownHook] o.h.engine.jdbc.spi.SqlExceptionHelper   : SQL Warning Code: 0, SQLState: 00000
2024-04-29T14:29:46.941+03:00  WARN 51626 --- [SpringApplicationShutdownHook] o.h.engine.jdbc.spi.SqlExceptionHelper   : relation "complaints" does not exist, skipping
2024-04-29T14:29:46.941+03:00  WARN 51626 --- [SpringApplicationShutdownHook] o.h.engine.jdbc.spi.SqlExceptionHelper   : SQL Warning Code: 0, SQLState: 00000
2024-04-29T14:29:46.941+03:00  WARN 51626 --- [SpringApplicationShutdownHook] o.h.engine.jdbc.spi.SqlExceptionHelper   : relation "complaints" does not exist, skipping
2024-04-29T14:29:46.941+03:00  WARN 51626 --- [SpringApplicationShutdownHook] o.h.engine.jdbc.spi.SqlExceptionHelper   : SQL Warning Code: 0, SQLState: 00000
2024-04-29T14:29:46.942+03:00  WARN 51626 --- [SpringApplicationShutdownHook] o.h.engine.jdbc.spi.SqlExceptionHelper   : relation "images" does not exist, skipping
2024-04-29T14:29:46.942+03:00  WARN 51626 --- [SpringApplicationShutdownHook] o.h.engine.jdbc.spi.SqlExceptionHelper   : SQL Warning Code: 0, SQLState: 00000
2024-04-29T14:29:46.942+03:00  WARN 51626 --- [SpringApplicationShutdownHook] o.h.engine.jdbc.spi.SqlExceptionHelper   : relation "users_roles" does not exist, skipping
2024-04-29T14:29:46.942+03:00  WARN 51626 --- [SpringApplicationShutdownHook] o.h.engine.jdbc.spi.SqlExceptionHelper   : SQL Warning Code: 0, SQLState: 00000
2024-04-29T14:29:46.942+03:00  WARN 51626 --- [SpringApplicationShutdownHook] o.h.engine.jdbc.spi.SqlExceptionHelper   : table "albums" does not exist, skipping
2024-04-29T14:29:46.943+03:00  WARN 51626 --- [SpringApplicationShutdownHook] o.h.engine.jdbc.spi.SqlExceptionHelper   : SQL Warning Code: 0, SQLState: 00000
2024-04-29T14:29:46.943+03:00  WARN 51626 --- [SpringApplicationShutdownHook] o.h.engine.jdbc.spi.SqlExceptionHelper   : table "comments" does not exist, skipping
2024-04-29T14:29:46.943+03:00  WARN 51626 --- [SpringApplicationShutdownHook] o.h.engine.jdbc.spi.SqlExceptionHelper   : SQL Warning Code: 0, SQLState: 00000
2024-04-29T14:29:46.943+03:00  WARN 51626 --- [SpringApplicationShutdownHook] o.h.engine.jdbc.spi.SqlExceptionHelper   : table "complaints" does not exist, skipping
2024-04-29T14:29:46.944+03:00  WARN 51626 --- [SpringApplicationShutdownHook] o.h.engine.jdbc.spi.SqlExceptionHelper   : SQL Warning Code: 0, SQLState: 00000
2024-04-29T14:29:46.944+03:00  WARN 51626 --- [SpringApplicationShutdownHook] o.h.engine.jdbc.spi.SqlExceptionHelper   : table "images" does not exist, skipping
2024-04-29T14:29:46.944+03:00  WARN 51626 --- [SpringApplicationShutdownHook] o.h.engine.jdbc.spi.SqlExceptionHelper   : SQL Warning Code: 0, SQLState: 00000
2024-04-29T14:29:46.944+03:00  WARN 51626 --- [SpringApplicationShutdownHook] o.h.engine.jdbc.spi.SqlExceptionHelper   : table "roles" does not exist, skipping
2024-04-29T14:29:46.945+03:00  WARN 51626 --- [SpringApplicationShutdownHook] o.h.engine.jdbc.spi.SqlExceptionHelper   : SQL Warning Code: 0, SQLState: 00000
2024-04-29T14:29:46.945+03:00  WARN 51626 --- [SpringApplicationShutdownHook] o.h.engine.jdbc.spi.SqlExceptionHelper   : table "statistics" does not exist, skipping
2024-04-29T14:29:46.945+03:00  WARN 51626 --- [SpringApplicationShutdownHook] o.h.engine.jdbc.spi.SqlExceptionHelper   : SQL Warning Code: 0, SQLState: 00000
2024-04-29T14:29:46.945+03:00  WARN 51626 --- [SpringApplicationShutdownHook] o.h.engine.jdbc.spi.SqlExceptionHelper   : table "users" does not exist, skipping
2024-04-29T14:29:46.946+03:00  WARN 51626 --- [SpringApplicationShutdownHook] o.h.engine.jdbc.spi.SqlExceptionHelper   : SQL Warning Code: 0, SQLState: 00000
2024-04-29T14:29:46.946+03:00  WARN 51626 --- [SpringApplicationShutdownHook] o.h.engine.jdbc.spi.SqlExceptionHelper   : table "users_roles" does not exist, skipping
2024-04-29T14:29:46.946+03:00  WARN 51626 --- [SpringApplicationShutdownHook] o.h.engine.jdbc.spi.SqlExceptionHelper   : SQL Warning Code: 0, SQLState: 00000
2024-04-29T14:29:46.946+03:00  WARN 51626 --- [SpringApplicationShutdownHook] o.h.engine.jdbc.spi.SqlExceptionHelper   : sequence "albums_seq" does not exist, skipping
2024-04-29T14:29:46.947+03:00  WARN 51626 --- [SpringApplicationShutdownHook] o.h.engine.jdbc.spi.SqlExceptionHelper   : SQL Warning Code: 0, SQLState: 00000
2024-04-29T14:29:46.947+03:00  WARN 51626 --- [SpringApplicationShutdownHook] o.h.engine.jdbc.spi.SqlExceptionHelper   : sequence "comments_seq" does not exist, skipping
2024-04-29T14:29:46.947+03:00  WARN 51626 --- [SpringApplicationShutdownHook] o.h.engine.jdbc.spi.SqlExceptionHelper   : SQL Warning Code: 0, SQLState: 00000
2024-04-29T14:29:46.947+03:00  WARN 51626 --- [SpringApplicationShutdownHook] o.h.engine.jdbc.spi.SqlExceptionHelper   : sequence "complaints_seq" does not exist, skipping
2024-04-29T14:29:46.948+03:00  WARN 51626 --- [SpringApplicationShutdownHook] o.h.engine.jdbc.spi.SqlExceptionHelper   : SQL Warning Code: 0, SQLState: 00000
2024-04-29T14:29:46.948+03:00  WARN 51626 --- [SpringApplicationShutdownHook] o.h.engine.jdbc.spi.SqlExceptionHelper   : sequence "images_seq" does not exist, skipping
2024-04-29T14:29:46.948+03:00  WARN 51626 --- [SpringApplicationShutdownHook] o.h.engine.jdbc.spi.SqlExceptionHelper   : SQL Warning Code: 0, SQLState: 00000
2024-04-29T14:29:46.949+03:00  WARN 51626 --- [SpringApplicationShutdownHook] o.h.engine.jdbc.spi.SqlExceptionHelper   : sequence "roles_seq" does not exist, skipping
2024-04-29T14:29:46.949+03:00  WARN 51626 --- [SpringApplicationShutdownHook] o.h.engine.jdbc.spi.SqlExceptionHelper   : SQL Warning Code: 0, SQLState: 00000
2024-04-29T14:29:46.949+03:00  WARN 51626 --- [SpringApplicationShutdownHook] o.h.engine.jdbc.spi.SqlExceptionHelper   : sequence "statistics_seq" does not exist, skipping
2024-04-29T14:29:46.950+03:00  INFO 51626 --- [SpringApplicationShutdownHook] c.a.datasource.pool.ConnectionPool       : atomikos connection pool 'xa_image': destroying pool...
2024-04-29T14:29:46.950+03:00  INFO 51626 --- [SpringApplicationShutdownHook] j.LocalContainerEntityManagerFactoryBean : Closing JPA EntityManagerFactory for persistence unit 'postgres'
2024-04-29T14:29:46.952+03:00  WARN 51626 --- [SpringApplicationShutdownHook] o.h.engine.jdbc.spi.SqlExceptionHelper   : SQL Warning Code: 0, SQLState: 00000
2024-04-29T14:29:46.952+03:00  WARN 51626 --- [SpringApplicationShutdownHook] o.h.engine.jdbc.spi.SqlExceptionHelper   : relation "albums" does not exist, skipping
2024-04-29T14:29:46.953+03:00  WARN 51626 --- [SpringApplicationShutdownHook] o.h.engine.jdbc.spi.SqlExceptionHelper   : SQL Warning Code: 0, SQLState: 00000
2024-04-29T14:29:46.953+03:00  WARN 51626 --- [SpringApplicationShutdownHook] o.h.engine.jdbc.spi.SqlExceptionHelper   : relation "comments" does not exist, skipping
2024-04-29T14:29:46.953+03:00  WARN 51626 --- [SpringApplicationShutdownHook] o.h.engine.jdbc.spi.SqlExceptionHelper   : SQL Warning Code: 0, SQLState: 00000
2024-04-29T14:29:46.953+03:00  WARN 51626 --- [SpringApplicationShutdownHook] o.h.engine.jdbc.spi.SqlExceptionHelper   : relation "comments" does not exist, skipping
2024-04-29T14:29:46.954+03:00  WARN 51626 --- [SpringApplicationShutdownHook] o.h.engine.jdbc.spi.SqlExceptionHelper   : SQL Warning Code: 0, SQLState: 00000
2024-04-29T14:29:46.954+03:00  WARN 51626 --- [SpringApplicationShutdownHook] o.h.engine.jdbc.spi.SqlExceptionHelper   : relation "complaints" does not exist, skipping
2024-04-29T14:29:46.954+03:00  WARN 51626 --- [SpringApplicationShutdownHook] o.h.engine.jdbc.spi.SqlExceptionHelper   : SQL Warning Code: 0, SQLState: 00000
2024-04-29T14:29:46.954+03:00  WARN 51626 --- [SpringApplicationShutdownHook] o.h.engine.jdbc.spi.SqlExceptionHelper   : relation "complaints" does not exist, skipping
2024-04-29T14:29:46.954+03:00  WARN 51626 --- [SpringApplicationShutdownHook] o.h.engine.jdbc.spi.SqlExceptionHelper   : SQL Warning Code: 0, SQLState: 00000
2024-04-29T14:29:46.955+03:00  WARN 51626 --- [SpringApplicationShutdownHook] o.h.engine.jdbc.spi.SqlExceptionHelper   : relation "images" does not exist, skipping
2024-04-29T14:29:46.955+03:00  WARN 51626 --- [SpringApplicationShutdownHook] o.h.engine.jdbc.spi.SqlExceptionHelper   : SQL Warning Code: 0, SQLState: 00000
2024-04-29T14:29:46.955+03:00  WARN 51626 --- [SpringApplicationShutdownHook] o.h.engine.jdbc.spi.SqlExceptionHelper   : relation "users_roles" does not exist, skipping
2024-04-29T14:29:46.956+03:00  WARN 51626 --- [SpringApplicationShutdownHook] o.h.engine.jdbc.spi.SqlExceptionHelper   : SQL Warning Code: 0, SQLState: 00000
2024-04-29T14:29:46.956+03:00  WARN 51626 --- [SpringApplicationShutdownHook] o.h.engine.jdbc.spi.SqlExceptionHelper   : table "albums" does not exist, skipping
2024-04-29T14:29:46.956+03:00  WARN 51626 --- [SpringApplicationShutdownHook] o.h.engine.jdbc.spi.SqlExceptionHelper   : SQL Warning Code: 0, SQLState: 00000
2024-04-29T14:29:46.956+03:00  WARN 51626 --- [SpringApplicationShutdownHook] o.h.engine.jdbc.spi.SqlExceptionHelper   : table "comments" does not exist, skipping
2024-04-29T14:29:46.957+03:00  WARN 51626 --- [SpringApplicationShutdownHook] o.h.engine.jdbc.spi.SqlExceptionHelper   : SQL Warning Code: 0, SQLState: 00000
2024-04-29T14:29:46.957+03:00  WARN 51626 --- [SpringApplicationShutdownHook] o.h.engine.jdbc.spi.SqlExceptionHelper   : table "complaints" does not exist, skipping
2024-04-29T14:29:46.957+03:00  WARN 51626 --- [SpringApplicationShutdownHook] o.h.engine.jdbc.spi.SqlExceptionHelper   : SQL Warning Code: 0, SQLState: 00000
2024-04-29T14:29:46.957+03:00  WARN 51626 --- [SpringApplicationShutdownHook] o.h.engine.jdbc.spi.SqlExceptionHelper   : table "images" does not exist, skipping
2024-04-29T14:29:46.957+03:00  WARN 51626 --- [SpringApplicationShutdownHook] o.h.engine.jdbc.spi.SqlExceptionHelper   : SQL Warning Code: 0, SQLState: 00000
2024-04-29T14:29:46.958+03:00  WARN 51626 --- [SpringApplicationShutdownHook] o.h.engine.jdbc.spi.SqlExceptionHelper   : table "roles" does not exist, skipping
2024-04-29T14:29:46.958+03:00  WARN 51626 --- [SpringApplicationShutdownHook] o.h.engine.jdbc.spi.SqlExceptionHelper   : SQL Warning Code: 0, SQLState: 00000
2024-04-29T14:29:46.958+03:00  WARN 51626 --- [SpringApplicationShutdownHook] o.h.engine.jdbc.spi.SqlExceptionHelper   : table "statistics" does not exist, skipping
2024-04-29T14:29:46.958+03:00  WARN 51626 --- [SpringApplicationShutdownHook] o.h.engine.jdbc.spi.SqlExceptionHelper   : SQL Warning Code: 0, SQLState: 00000
2024-04-29T14:29:46.958+03:00  WARN 51626 --- [SpringApplicationShutdownHook] o.h.engine.jdbc.spi.SqlExceptionHelper   : table "users" does not exist, skipping
2024-04-29T14:29:46.958+03:00  WARN 51626 --- [SpringApplicationShutdownHook] o.h.engine.jdbc.spi.SqlExceptionHelper   : SQL Warning Code: 0, SQLState: 00000
2024-04-29T14:29:46.958+03:00  WARN 51626 --- [SpringApplicationShutdownHook] o.h.engine.jdbc.spi.SqlExceptionHelper   : table "users_roles" does not exist, skipping
2024-04-29T14:29:46.959+03:00  WARN 51626 --- [SpringApplicationShutdownHook] o.h.engine.jdbc.spi.SqlExceptionHelper   : SQL Warning Code: 0, SQLState: 00000
2024-04-29T14:29:46.959+03:00  WARN 51626 --- [SpringApplicationShutdownHook] o.h.engine.jdbc.spi.SqlExceptionHelper   : sequence "albums_seq" does not exist, skipping
2024-04-29T14:29:46.959+03:00  WARN 51626 --- [SpringApplicationShutdownHook] o.h.engine.jdbc.spi.SqlExceptionHelper   : SQL Warning Code: 0, SQLState: 00000
2024-04-29T14:29:46.959+03:00  WARN 51626 --- [SpringApplicationShutdownHook] o.h.engine.jdbc.spi.SqlExceptionHelper   : sequence "comments_seq" does not exist, skipping
2024-04-29T14:29:46.960+03:00  WARN 51626 --- [SpringApplicationShutdownHook] o.h.engine.jdbc.spi.SqlExceptionHelper   : SQL Warning Code: 0, SQLState: 00000
2024-04-29T14:29:46.960+03:00  WARN 51626 --- [SpringApplicationShutdownHook] o.h.engine.jdbc.spi.SqlExceptionHelper   : sequence "complaints_seq" does not exist, skipping
2024-04-29T14:29:46.960+03:00  WARN 51626 --- [SpringApplicationShutdownHook] o.h.engine.jdbc.spi.SqlExceptionHelper   : SQL Warning Code: 0, SQLState: 00000
2024-04-29T14:29:46.960+03:00  WARN 51626 --- [SpringApplicationShutdownHook] o.h.engine.jdbc.spi.SqlExceptionHelper   : sequence "images_seq" does not exist, skipping
2024-04-29T14:29:46.960+03:00  WARN 51626 --- [SpringApplicationShutdownHook] o.h.engine.jdbc.spi.SqlExceptionHelper   : SQL Warning Code: 0, SQLState: 00000
2024-04-29T14:29:46.960+03:00  WARN 51626 --- [SpringApplicationShutdownHook] o.h.engine.jdbc.spi.SqlExceptionHelper   : sequence "roles_seq" does not exist, skipping
2024-04-29T14:29:46.961+03:00  WARN 51626 --- [SpringApplicationShutdownHook] o.h.engine.jdbc.spi.SqlExceptionHelper   : SQL Warning Code: 0, SQLState: 00000
2024-04-29T14:29:46.961+03:00  WARN 51626 --- [SpringApplicationShutdownHook] o.h.engine.jdbc.spi.SqlExceptionHelper   : sequence "statistics_seq" does not exist, skipping
2024-04-29T14:29:46.961+03:00  INFO 51626 --- [SpringApplicationShutdownHook] c.a.datasource.pool.ConnectionPool       : atomikos connection pool 'xa_complaint': destroying pool...
2024-04-29T14:29:46.962+03:00  INFO 51626 --- [SpringApplicationShutdownHook] j.LocalContainerEntityManagerFactoryBean : Closing JPA EntityManagerFactory for persistence unit 'postgres'
2024-04-29T14:29:46.963+03:00  WARN 51626 --- [SpringApplicationShutdownHook] o.h.engine.jdbc.spi.SqlExceptionHelper   : SQL Warning Code: 0, SQLState: 00000
2024-04-29T14:29:46.963+03:00  WARN 51626 --- [SpringApplicationShutdownHook] o.h.engine.jdbc.spi.SqlExceptionHelper   : relation "albums" does not exist, skipping
2024-04-29T14:29:46.964+03:00  WARN 51626 --- [SpringApplicationShutdownHook] o.h.engine.jdbc.spi.SqlExceptionHelper   : SQL Warning Code: 0, SQLState: 00000
2024-04-29T14:29:46.964+03:00  WARN 51626 --- [SpringApplicationShutdownHook] o.h.engine.jdbc.spi.SqlExceptionHelper   : relation "comments" does not exist, skipping
2024-04-29T14:29:46.964+03:00  WARN 51626 --- [SpringApplicationShutdownHook] o.h.engine.jdbc.spi.SqlExceptionHelper   : SQL Warning Code: 0, SQLState: 00000
2024-04-29T14:29:46.964+03:00  WARN 51626 --- [SpringApplicationShutdownHook] o.h.engine.jdbc.spi.SqlExceptionHelper   : relation "comments" does not exist, skipping
2024-04-29T14:29:46.965+03:00  WARN 51626 --- [SpringApplicationShutdownHook] o.h.engine.jdbc.spi.SqlExceptionHelper   : SQL Warning Code: 0, SQLState: 00000
2024-04-29T14:29:46.965+03:00  WARN 51626 --- [SpringApplicationShutdownHook] o.h.engine.jdbc.spi.SqlExceptionHelper   : relation "complaints" does not exist, skipping
2024-04-29T14:29:46.965+03:00  WARN 51626 --- [SpringApplicationShutdownHook] o.h.engine.jdbc.spi.SqlExceptionHelper   : SQL Warning Code: 0, SQLState: 00000
2024-04-29T14:29:46.965+03:00  WARN 51626 --- [SpringApplicationShutdownHook] o.h.engine.jdbc.spi.SqlExceptionHelper   : relation "complaints" does not exist, skipping
2024-04-29T14:29:46.965+03:00  WARN 51626 --- [SpringApplicationShutdownHook] o.h.engine.jdbc.spi.SqlExceptionHelper   : SQL Warning Code: 0, SQLState: 00000
2024-04-29T14:29:46.965+03:00  WARN 51626 --- [SpringApplicationShutdownHook] o.h.engine.jdbc.spi.SqlExceptionHelper   : relation "images" does not exist, skipping
2024-04-29T14:29:46.966+03:00  WARN 51626 --- [SpringApplicationShutdownHook] o.h.engine.jdbc.spi.SqlExceptionHelper   : SQL Warning Code: 0, SQLState: 00000
2024-04-29T14:29:46.966+03:00  WARN 51626 --- [SpringApplicationShutdownHook] o.h.engine.jdbc.spi.SqlExceptionHelper   : relation "users_roles" does not exist, skipping
2024-04-29T14:29:46.966+03:00  WARN 51626 --- [SpringApplicationShutdownHook] o.h.engine.jdbc.spi.SqlExceptionHelper   : SQL Warning Code: 0, SQLState: 00000
2024-04-29T14:29:46.966+03:00  WARN 51626 --- [SpringApplicationShutdownHook] o.h.engine.jdbc.spi.SqlExceptionHelper   : table "albums" does not exist, skipping
2024-04-29T14:29:46.966+03:00  WARN 51626 --- [SpringApplicationShutdownHook] o.h.engine.jdbc.spi.SqlExceptionHelper   : SQL Warning Code: 0, SQLState: 00000
2024-04-29T14:29:46.967+03:00  WARN 51626 --- [SpringApplicationShutdownHook] o.h.engine.jdbc.spi.SqlExceptionHelper   : table "comments" does not exist, skipping
2024-04-29T14:29:46.967+03:00  WARN 51626 --- [SpringApplicationShutdownHook] o.h.engine.jdbc.spi.SqlExceptionHelper   : SQL Warning Code: 0, SQLState: 00000
2024-04-29T14:29:46.967+03:00  WARN 51626 --- [SpringApplicationShutdownHook] o.h.engine.jdbc.spi.SqlExceptionHelper   : table "complaints" does not exist, skipping
2024-04-29T14:29:46.967+03:00  WARN 51626 --- [SpringApplicationShutdownHook] o.h.engine.jdbc.spi.SqlExceptionHelper   : SQL Warning Code: 0, SQLState: 00000
2024-04-29T14:29:46.967+03:00  WARN 51626 --- [SpringApplicationShutdownHook] o.h.engine.jdbc.spi.SqlExceptionHelper   : table "images" does not exist, skipping
2024-04-29T14:29:46.967+03:00  WARN 51626 --- [SpringApplicationShutdownHook] o.h.engine.jdbc.spi.SqlExceptionHelper   : SQL Warning Code: 0, SQLState: 00000
2024-04-29T14:29:46.967+03:00  WARN 51626 --- [SpringApplicationShutdownHook] o.h.engine.jdbc.spi.SqlExceptionHelper   : table "roles" does not exist, skipping
2024-04-29T14:29:46.968+03:00  WARN 51626 --- [SpringApplicationShutdownHook] o.h.engine.jdbc.spi.SqlExceptionHelper   : SQL Warning Code: 0, SQLState: 00000
2024-04-29T14:29:46.968+03:00  WARN 51626 --- [SpringApplicationShutdownHook] o.h.engine.jdbc.spi.SqlExceptionHelper   : table "statistics" does not exist, skipping
2024-04-29T14:29:46.968+03:00  WARN 51626 --- [SpringApplicationShutdownHook] o.h.engine.jdbc.spi.SqlExceptionHelper   : SQL Warning Code: 0, SQLState: 00000
2024-04-29T14:29:46.968+03:00  WARN 51626 --- [SpringApplicationShutdownHook] o.h.engine.jdbc.spi.SqlExceptionHelper   : table "users" does not exist, skipping
2024-04-29T14:29:46.968+03:00  WARN 51626 --- [SpringApplicationShutdownHook] o.h.engine.jdbc.spi.SqlExceptionHelper   : SQL Warning Code: 0, SQLState: 00000
2024-04-29T14:29:46.968+03:00  WARN 51626 --- [SpringApplicationShutdownHook] o.h.engine.jdbc.spi.SqlExceptionHelper   : table "users_roles" does not exist, skipping
2024-04-29T14:29:46.969+03:00  WARN 51626 --- [SpringApplicationShutdownHook] o.h.engine.jdbc.spi.SqlExceptionHelper   : SQL Warning Code: 0, SQLState: 00000
2024-04-29T14:29:46.969+03:00  WARN 51626 --- [SpringApplicationShutdownHook] o.h.engine.jdbc.spi.SqlExceptionHelper   : sequence "albums_seq" does not exist, skipping
2024-04-29T14:29:46.969+03:00  WARN 51626 --- [SpringApplicationShutdownHook] o.h.engine.jdbc.spi.SqlExceptionHelper   : SQL Warning Code: 0, SQLState: 00000
2024-04-29T14:29:46.969+03:00  WARN 51626 --- [SpringApplicationShutdownHook] o.h.engine.jdbc.spi.SqlExceptionHelper   : sequence "comments_seq" does not exist, skipping
2024-04-29T14:29:46.969+03:00  WARN 51626 --- [SpringApplicationShutdownHook] o.h.engine.jdbc.spi.SqlExceptionHelper   : SQL Warning Code: 0, SQLState: 00000
2024-04-29T14:29:46.969+03:00  WARN 51626 --- [SpringApplicationShutdownHook] o.h.engine.jdbc.spi.SqlExceptionHelper   : sequence "complaints_seq" does not exist, skipping
2024-04-29T14:29:46.970+03:00  WARN 51626 --- [SpringApplicationShutdownHook] o.h.engine.jdbc.spi.SqlExceptionHelper   : SQL Warning Code: 0, SQLState: 00000
2024-04-29T14:29:46.970+03:00  WARN 51626 --- [SpringApplicationShutdownHook] o.h.engine.jdbc.spi.SqlExceptionHelper   : sequence "images_seq" does not exist, skipping
2024-04-29T14:29:46.970+03:00  WARN 51626 --- [SpringApplicationShutdownHook] o.h.engine.jdbc.spi.SqlExceptionHelper   : SQL Warning Code: 0, SQLState: 00000
2024-04-29T14:29:46.970+03:00  WARN 51626 --- [SpringApplicationShutdownHook] o.h.engine.jdbc.spi.SqlExceptionHelper   : sequence "roles_seq" does not exist, skipping
2024-04-29T14:29:46.970+03:00  WARN 51626 --- [SpringApplicationShutdownHook] o.h.engine.jdbc.spi.SqlExceptionHelper   : SQL Warning Code: 0, SQLState: 00000
2024-04-29T14:29:46.970+03:00  WARN 51626 --- [SpringApplicationShutdownHook] o.h.engine.jdbc.spi.SqlExceptionHelper   : sequence "statistics_seq" does not exist, skipping
2024-04-29T14:29:46.971+03:00  INFO 51626 --- [SpringApplicationShutdownHook] c.a.datasource.pool.ConnectionPool       : atomikos connection pool 'xa_comment': destroying pool...
2024-04-29T14:29:46.971+03:00  INFO 51626 --- [SpringApplicationShutdownHook] j.LocalContainerEntityManagerFactoryBean : Closing JPA EntityManagerFactory for persistence unit 'postgres'
2024-04-29T14:29:46.972+03:00  WARN 51626 --- [SpringApplicationShutdownHook] o.h.engine.jdbc.spi.SqlExceptionHelper   : SQL Warning Code: 0, SQLState: 00000
2024-04-29T14:29:46.973+03:00  WARN 51626 --- [SpringApplicationShutdownHook] o.h.engine.jdbc.spi.SqlExceptionHelper   : relation "albums" does not exist, skipping
2024-04-29T14:29:46.973+03:00  WARN 51626 --- [SpringApplicationShutdownHook] o.h.engine.jdbc.spi.SqlExceptionHelper   : SQL Warning Code: 0, SQLState: 00000
2024-04-29T14:29:46.973+03:00  WARN 51626 --- [SpringApplicationShutdownHook] o.h.engine.jdbc.spi.SqlExceptionHelper   : relation "comments" does not exist, skipping
2024-04-29T14:29:46.974+03:00  WARN 51626 --- [SpringApplicationShutdownHook] o.h.engine.jdbc.spi.SqlExceptionHelper   : SQL Warning Code: 0, SQLState: 00000
2024-04-29T14:29:46.974+03:00  WARN 51626 --- [SpringApplicationShutdownHook] o.h.engine.jdbc.spi.SqlExceptionHelper   : relation "comments" does not exist, skipping
2024-04-29T14:29:46.974+03:00  WARN 51626 --- [SpringApplicationShutdownHook] o.h.engine.jdbc.spi.SqlExceptionHelper   : SQL Warning Code: 0, SQLState: 00000
2024-04-29T14:29:46.974+03:00  WARN 51626 --- [SpringApplicationShutdownHook] o.h.engine.jdbc.spi.SqlExceptionHelper   : relation "complaints" does not exist, skipping
2024-04-29T14:29:46.974+03:00  WARN 51626 --- [SpringApplicationShutdownHook] o.h.engine.jdbc.spi.SqlExceptionHelper   : SQL Warning Code: 0, SQLState: 00000
2024-04-29T14:29:46.974+03:00  WARN 51626 --- [SpringApplicationShutdownHook] o.h.engine.jdbc.spi.SqlExceptionHelper   : relation "complaints" does not exist, skipping
2024-04-29T14:29:46.975+03:00  WARN 51626 --- [SpringApplicationShutdownHook] o.h.engine.jdbc.spi.SqlExceptionHelper   : SQL Warning Code: 0, SQLState: 00000
2024-04-29T14:29:46.975+03:00  WARN 51626 --- [SpringApplicationShutdownHook] o.h.engine.jdbc.spi.SqlExceptionHelper   : relation "images" does not exist, skipping
2024-04-29T14:29:46.975+03:00  WARN 51626 --- [SpringApplicationShutdownHook] o.h.engine.jdbc.spi.SqlExceptionHelper   : SQL Warning Code: 0, SQLState: 00000
2024-04-29T14:29:46.975+03:00  WARN 51626 --- [SpringApplicationShutdownHook] o.h.engine.jdbc.spi.SqlExceptionHelper   : relation "users_roles" does not exist, skipping
2024-04-29T14:29:46.976+03:00  WARN 51626 --- [SpringApplicationShutdownHook] o.h.engine.jdbc.spi.SqlExceptionHelper   : SQL Warning Code: 0, SQLState: 00000
2024-04-29T14:29:46.976+03:00  WARN 51626 --- [SpringApplicationShutdownHook] o.h.engine.jdbc.spi.SqlExceptionHelper   : table "albums" does not exist, skipping
2024-04-29T14:29:46.976+03:00  WARN 51626 --- [SpringApplicationShutdownHook] o.h.engine.jdbc.spi.SqlExceptionHelper   : SQL Warning Code: 0, SQLState: 00000
2024-04-29T14:29:46.976+03:00  WARN 51626 --- [SpringApplicationShutdownHook] o.h.engine.jdbc.spi.SqlExceptionHelper   : table "comments" does not exist, skipping
2024-04-29T14:29:46.976+03:00  WARN 51626 --- [SpringApplicationShutdownHook] o.h.engine.jdbc.spi.SqlExceptionHelper   : SQL Warning Code: 0, SQLState: 00000
2024-04-29T14:29:46.976+03:00  WARN 51626 --- [SpringApplicationShutdownHook] o.h.engine.jdbc.spi.SqlExceptionHelper   : table "complaints" does not exist, skipping
2024-04-29T14:29:46.976+03:00  WARN 51626 --- [SpringApplicationShutdownHook] o.h.engine.jdbc.spi.SqlExceptionHelper   : SQL Warning Code: 0, SQLState: 00000
2024-04-29T14:29:46.976+03:00  WARN 51626 --- [SpringApplicationShutdownHook] o.h.engine.jdbc.spi.SqlExceptionHelper   : table "images" does not exist, skipping
2024-04-29T14:29:46.977+03:00  WARN 51626 --- [SpringApplicationShutdownHook] o.h.engine.jdbc.spi.SqlExceptionHelper   : SQL Warning Code: 0, SQLState: 00000
2024-04-29T14:29:46.977+03:00  WARN 51626 --- [SpringApplicationShutdownHook] o.h.engine.jdbc.spi.SqlExceptionHelper   : table "roles" does not exist, skipping
2024-04-29T14:29:46.977+03:00  WARN 51626 --- [SpringApplicationShutdownHook] o.h.engine.jdbc.spi.SqlExceptionHelper   : SQL Warning Code: 0, SQLState: 00000
2024-04-29T14:29:46.977+03:00  WARN 51626 --- [SpringApplicationShutdownHook] o.h.engine.jdbc.spi.SqlExceptionHelper   : table "statistics" does not exist, skipping
2024-04-29T14:29:46.977+03:00  WARN 51626 --- [SpringApplicationShutdownHook] o.h.engine.jdbc.spi.SqlExceptionHelper   : SQL Warning Code: 0, SQLState: 00000
2024-04-29T14:29:46.977+03:00  WARN 51626 --- [SpringApplicationShutdownHook] o.h.engine.jdbc.spi.SqlExceptionHelper   : table "users" does not exist, skipping
2024-04-29T14:29:46.978+03:00  WARN 51626 --- [SpringApplicationShutdownHook] o.h.engine.jdbc.spi.SqlExceptionHelper   : SQL Warning Code: 0, SQLState: 00000
2024-04-29T14:29:46.978+03:00  WARN 51626 --- [SpringApplicationShutdownHook] o.h.engine.jdbc.spi.SqlExceptionHelper   : table "users_roles" does not exist, skipping
2024-04-29T14:29:46.978+03:00  WARN 51626 --- [SpringApplicationShutdownHook] o.h.engine.jdbc.spi.SqlExceptionHelper   : SQL Warning Code: 0, SQLState: 00000
2024-04-29T14:29:46.978+03:00  WARN 51626 --- [SpringApplicationShutdownHook] o.h.engine.jdbc.spi.SqlExceptionHelper   : sequence "albums_seq" does not exist, skipping
2024-04-29T14:29:46.978+03:00  WARN 51626 --- [SpringApplicationShutdownHook] o.h.engine.jdbc.spi.SqlExceptionHelper   : SQL Warning Code: 0, SQLState: 00000
2024-04-29T14:29:46.978+03:00  WARN 51626 --- [SpringApplicationShutdownHook] o.h.engine.jdbc.spi.SqlExceptionHelper   : sequence "comments_seq" does not exist, skipping
2024-04-29T14:29:46.978+03:00  WARN 51626 --- [SpringApplicationShutdownHook] o.h.engine.jdbc.spi.SqlExceptionHelper   : SQL Warning Code: 0, SQLState: 00000
2024-04-29T14:29:46.978+03:00  WARN 51626 --- [SpringApplicationShutdownHook] o.h.engine.jdbc.spi.SqlExceptionHelper   : sequence "complaints_seq" does not exist, skipping
2024-04-29T14:29:46.979+03:00  WARN 51626 --- [SpringApplicationShutdownHook] o.h.engine.jdbc.spi.SqlExceptionHelper   : SQL Warning Code: 0, SQLState: 00000
2024-04-29T14:29:46.979+03:00  WARN 51626 --- [SpringApplicationShutdownHook] o.h.engine.jdbc.spi.SqlExceptionHelper   : sequence "images_seq" does not exist, skipping
2024-04-29T14:29:46.979+03:00  WARN 51626 --- [SpringApplicationShutdownHook] o.h.engine.jdbc.spi.SqlExceptionHelper   : SQL Warning Code: 0, SQLState: 00000
2024-04-29T14:29:46.979+03:00  WARN 51626 --- [SpringApplicationShutdownHook] o.h.engine.jdbc.spi.SqlExceptionHelper   : sequence "roles_seq" does not exist, skipping
2024-04-29T14:29:46.979+03:00  WARN 51626 --- [SpringApplicationShutdownHook] o.h.engine.jdbc.spi.SqlExceptionHelper   : SQL Warning Code: 0, SQLState: 00000
2024-04-29T14:29:46.979+03:00  WARN 51626 --- [SpringApplicationShutdownHook] o.h.engine.jdbc.spi.SqlExceptionHelper   : sequence "statistics_seq" does not exist, skipping
2024-04-29T14:29:46.980+03:00  INFO 51626 --- [SpringApplicationShutdownHook] c.a.datasource.pool.ConnectionPool       : atomikos connection pool 'xa_album': destroying pool...
